<?xml version="1.0" encoding="UTF-8"?>
<!-- Generated by org.testng.reporters.JUnitReportReporter -->
<testsuite hostname="DESKTOP-9I19085" failures="0" tests="1" name="mevenTestData.WedApp_Testing" time="14.619" errors="0" timestamp="2025-02-08T14:06:22 IST" skipped="0">
  <testcase classname="mevenTestData.WedApp_Testing" name="test1" time="14.619"/>
</testsuite> <!-- mevenTestData.WedApp_Testing -->
