<?xml version="1.0" encoding="UTF-8"?>
<!-- Generated by org.testng.reporters.JUnitReportReporter -->
<testsuite hostname="DESKTOP-9I19085" failures="0" tests="1" name="Rest_AssureAPI_Test.SwagerAPI" time="4.986" errors="0" timestamp="2025-02-08T14:24:40 IST" skipped="0">
  <testcase classname="Rest_AssureAPI_Test.SwagerAPI" name="APItest1" time="4.986"/>
</testsuite> <!-- Rest_AssureAPI_Test.SwagerAPI -->
